<?xml version="1.0" encoding="UTF-8"?>
<testsuite xmlns:xsi="http://www.w3.org/2001/XMLSchema-instance" xsi:noNamespaceSchemaLocation="https://maven.apache.org/surefire/maven-surefire-plugin/xsd/surefire-test-report.xsd" version="3.0.2" name="com.lockermat.ApplicationTests" time="68.551" tests="1" errors="0" skipped="0" failures="0">
  <properties>
[...]
</properties>
  <testcase name="contextLoads" classname="com.lockermat.ApplicationTests" time="2.231">
    <system-out><![CDATA[16:43:06.914 [main] INFO org.springframework.test.context.support.AnnotationConfigContextLoaderUtils -- Could not detect default configuration classes for test class [com.lockermat.ApplicationTests]: ApplicationTests does not declare any static, non-private, non-final, nested classes annotated with @Configuration.
16:43:08.129 [main] INFO org.springframework.boot.test.context.SpringBootTestContextBootstrapper -- Found @SpringBootConfiguration com.lockermat.Application for test class com.lockermat.ApplicationTests

  .   ____          _            __ _ _
 /\\ / ___'_ __ _ _(_)_ __  __ _ \ \ \ \
( ( )\___ | '_ | '_| | '_ \/ _` | \ \ \ \
 \\/  ___)| |_)| | | | | || (_| |  ) ) ) )
  '  |____| .__|_| |_|_| |_\__, | / / / /
 =========|_|==============|___/=/_/_/_/

 :: Spring Boot ::                (v3.5.0)

2025-06-10T16:43:15.852Z  INFO 101 --- [           main] com.lockermat.ApplicationTests           : Starting ApplicationTests using Java 21.0.7 with PID 101 (started by root in /opt/lockermat)
2025-06-10T16:43:15.861Z  INFO 101 --- [           main] com.lockermat.ApplicationTests           : No active profile set, falling back to 1 default profile: "default"
2025-06-10T16:43:22.009Z  INFO 101 --- [           main] .s.d.r.c.RepositoryConfigurationDelegate : Bootstrapping Spring Data JPA repositories in DEFAULT mode.
2025-06-10T16:43:22.318Z  INFO 101 --- [           main] .s.d.r.c.RepositoryConfigurationDelegate : Finished Spring Data repository scanning in 117 ms. Found 0 JPA repository interfaces.
2025-06-10T16:43:29.309Z  INFO 101 --- [           main] o.s.cloud.context.scope.GenericScope     : BeanFactory id=4a0c987c-2d37-3638-a75d-684a2e54d1ea
2025-06-10T16:43:39.828Z  INFO 101 --- [           main] com.zaxxer.hikari.HikariDataSource       : HikariPool-1 - Starting...
2025-06-10T16:43:41.480Z  INFO 101 --- [           main] com.zaxxer.hikari.pool.HikariPool        : HikariPool-1 - Added connection org.postgresql.jdbc.PgConnection@4489f60f
2025-06-10T16:43:41.508Z  INFO 101 --- [           main] com.zaxxer.hikari.HikariDataSource       : HikariPool-1 - Start completed.
2025-06-10T16:43:42.099Z  INFO 101 --- [           main] org.flywaydb.core.FlywayExecutor         : Database: jdbc:postgresql://db:5432/lockermat (PostgreSQL 17.5)
2025-06-10T16:43:43.131Z  INFO 101 --- [           main] o.f.c.i.s.JdbcTableSchemaHistory         : Schema history table "public"."flyway_schema_history" does not exist yet
2025-06-10T16:43:43.163Z  INFO 101 --- [           main] o.f.core.internal.command.DbValidate     : Successfully validated 1 migration (execution time 00:00.274s)
2025-06-10T16:43:43.390Z  INFO 101 --- [           main] org.flywaydb.core.Flyway                 : All configured schemas are empty; baseline operation skipped. A baseline or migration script with a lower version than the baseline version may execute if available. Check the Schemas parameter if this is not intended.
2025-06-10T16:43:43.438Z  INFO 101 --- [           main] o.f.c.i.s.JdbcTableSchemaHistory         : Creating Schema History table "public"."flyway_schema_history" ...
2025-06-10T16:43:44.008Z  INFO 101 --- [           main] o.f.core.internal.command.DbMigrate      : Current version of schema "public": << Empty Schema >>
2025-06-10T16:43:44.227Z  INFO 101 --- [           main] o.f.core.internal.command.DbMigrate      : Migrating schema "public" to version "20250601.0309 - postgis extensions"
2025-06-10T16:43:47.677Z  INFO 101 --- [           main] o.f.core.internal.command.DbMigrate      : Successfully applied 1 migration to schema "public", now at version v20250601.0309 (execution time 00:03.388s)
2025-06-10T16:43:50.541Z  INFO 101 --- [           main] o.hibernate.jpa.internal.util.LogHelper  : HHH000204: Processing PersistenceUnitInfo [name: default]
2025-06-10T16:43:51.331Z  INFO 101 --- [           main] org.hibernate.Version                    : HHH000412: Hibernate ORM core version 6.6.15.Final
2025-06-10T16:43:51.515Z  INFO 101 --- [           main] o.h.spatial.integration.SpatialService   : HHH80000001: hibernate-spatial integration enabled : true
2025-06-10T16:43:51.833Z  INFO 101 --- [           main] o.h.c.internal.RegionFactoryInitiator    : HHH000026: Second-level cache disabled
2025-06-10T16:43:53.078Z  WARN 101 --- [           main] org.hibernate.orm.deprecation            : HHH90000025: PostgreSQLDialect does not need to be specified explicitly using 'hibernate.dialect' (remove the property setting and it will be selected by default)
2025-06-10T16:43:53.162Z  INFO 101 --- [           main] org.hibernate.orm.connections.pooling    : HHH10001005: Database info:
	Database JDBC URL [Connecting through datasource 'HikariDataSource (HikariPool-1)']
	Database driver: undefined/unknown
	Database version: 17.5
	Autocommit mode: undefined/unknown
	Isolation level: undefined/unknown
	Minimum pool size: undefined/unknown
	Maximum pool size: undefined/unknown
2025-06-10T16:43:53.288Z  INFO 101 --- [           main] org.hibernate.spatial                    : HHH80000003: hibernate-spatial adding type contributions from : org.hibernate.spatial.dialect.postgis.PostgisDialectContributor
2025-06-10T16:43:54.814Z  INFO 101 --- [           main] o.s.o.j.p.SpringPersistenceUnitInfo      : No LoadTimeWeaver setup: ignoring JPA class transformer
2025-06-10T16:43:54.968Z  INFO 101 --- [           main] org.hibernate.spatial                    : HHH80000003: hibernate-spatial adding type contributions from : org.hibernate.spatial.dialect.postgis.PostgisDialectContributor
2025-06-10T16:43:55.972Z  INFO 101 --- [           main] org.hibernate.spatial                    : HHH80000004: hibernate-spatial adding function contributions from : org.hibernate.spatial.dialect.postgis.PostgisDialectContributor
2025-06-10T16:43:57.024Z  INFO 101 --- [           main] o.h.e.t.j.p.i.JtaPlatformInitiator       : HHH000489: No JTA platform available (set 'hibernate.transaction.jta.platform' to enable JTA platform integration)
2025-06-10T16:43:57.069Z  INFO 101 --- [           main] j.LocalContainerEntityManagerFactoryBean : Initialized JPA EntityManagerFactory for persistence unit 'default'
2025-06-10T16:44:00.062Z  WARN 101 --- [           main] JpaBaseConfiguration$JpaWebConfiguration : spring.jpa.open-in-view is enabled by default. Therefore, database queries may be performed during view rendering. Explicitly configure spring.jpa.open-in-view to disable this warning
2025-06-10T16:44:03.051Z  WARN 101 --- [           main] .s.s.UserDetailsServiceAutoConfiguration : 

Using generated security password: ae19a7c4-9379-4ba5-90da-46010b90868e

This generated password is for development use only. Your security configuration must be updated before running your application in production.

2025-06-10T16:44:03.231Z  INFO 101 --- [           main] r$InitializeUserDetailsManagerConfigurer : Global AuthenticationManager configured with UserDetailsService bean with name inMemoryUserDetailsManager
2025-06-10T16:44:11.813Z  INFO 101 --- [           main] com.lockermat.ApplicationTests           : Started ApplicationTests in 60.215 seconds (process running for 73.413)
]]></system-out>
    <system-err><![CDATA[Mockito is currently self-attaching to enable the inline-mock-maker. This will no longer work in future releases of the JDK. Please add Mockito as an agent to your build as described in Mockito's documentation: https://javadoc.io/doc/org.mockito/mockito-core/latest/org.mockito/org/mockito/Mockito.html#0.3
WARNING: A Java agent has been loaded dynamically (/root/.m2/repository/net/bytebuddy/byte-buddy-agent/1.17.5/byte-buddy-agent-1.17.5.jar)
WARNING: If a serviceability tool is in use, please run with -XX:+EnableDynamicAgentLoading to hide this warning
WARNING: If a serviceability tool is not in use, please run with -Djdk.instrument.traceUsage for more information
WARNING: Dynamic loading of agents will be disallowed by default in a future release
]]></system-err>
  </testcase>
</testsuite>